<?xml version="1.0" encoding="UTF-8"?>
<!-- Generated by org.testng.reporters.JUnitXMLReporter -->
<testsuite ignored="0" hostname="Monirs-MacBook-Pro.local" failures="0" tests="4" name="Default test" time="100.399" errors="0" timestamp="26 Aug 2019 15:50:30 GMT">
  <testcase classname="cse434.selenium3.test.chromedriver.Test_NG" name="skipTest" time="0.004">
    <skipped/>
  </testcase> <!-- skipTest -->
  <testcase classname="cse434.selenium3.test.chromedriver.Test_NG" name="signUp" time="17.142"/>
  <testcase classname="cse434.selenium3.test.chromedriver.Test_NG" name="logIn" time="6.596"/>
  <testcase classname="cse434.selenium3.test.chromedriver.Test_NG" name="bookingForTour" time="65.549"/>
</testsuite> <!-- Default test -->
