<?xml version="1.0" encoding="UTF-8"?>
<!-- Generated by org.testng.reporters.JUnitXMLReporter -->
<testsuite ignored="0" hostname="Monirs-MacBook-Pro.local" failures="0" tests="12" name="Default test" time="160.913" errors="0" timestamp="28 Aug 2019 04:52:36 GMT">
  <testcase classname="cse434.selenium3.test.chromedriver.Test_NG" name="blankField" time="4.354"/>
  <testcase classname="cse434.selenium3.test.chromedriver.Test_NG" name="invalidField" time="11.519"/>
  <testcase classname="cse434.selenium3.test.chromedriver.Test_NG" name="passwordCheck" time="0.002"/>
  <testcase classname="cse434.selenium3.test.chromedriver.Test_NG" name="signUp" time="10.333"/>
  <testcase classname="cse434.selenium3.test.chromedriver.Test_NG" name="signupLogout" time="2.277"/>
  <testcase classname="cse434.selenium3.test.chromedriver.Test_NG" name="failedlogin" time="6.243"/>
  <testcase classname="cse434.selenium3.test.chromedriver.Test_NG" name="logIn" time="7.402"/>
  <testcase classname="cse434.selenium3.test.chromedriver.Test_NG" name="signinLogout" time="2.144"/>
  <testcase classname="cse434.selenium3.test.chromedriver.Test_NG" name="bookingForTour" time="66.495"/>
  <testcase classname="cse434.selenium3.test.chromedriver.Test_NG" name="adminLogin" time="17.504"/>
  <testcase classname="cse434.selenium3.test.chromedriver.Test_NG" name="traveoffer" time="12.157"/>
  <testcase classname="cse434.selenium3.test.chromedriver.Test_NG" name="travelBlog" time="9.924"/>
</testsuite> <!-- Default test -->
