<?xml version="1.0" encoding="UTF-8"?>
<testng-results ignored="0" total="1" passed="1" failed="0" skipped="0">
  <reporter-output>
  </reporter-output>
  <suite started-at="2019-08-25T16:42:25Z" name="Default suite" finished-at="2019-08-25T16:42:39Z" duration-ms="13925">
    <groups>
    </groups>
    <test started-at="2019-08-25T16:42:25Z" name="Default test" finished-at="2019-08-25T16:42:39Z" duration-ms="13925">
      <class name="cse434.selenium3.test.chromedriver.Test_NG">
        <test-method is-config="true" signature="loadDriver()[pri:0, instance:cse434.selenium3.test.chromedriver.Test_NG@1e178745]" started-at="2019-08-25T22:42:25Z" name="loadDriver" finished-at="2019-08-25T22:42:31Z" duration-ms="6356" status="PASS">
          <reporter-output>
          </reporter-output>
        </test-method> <!-- loadDriver -->
        <test-method signature="testWebdriver()[pri:0, instance:cse434.selenium3.test.chromedriver.Test_NG@1e178745]" started-at="2019-08-25T22:42:31Z" name="testWebdriver" finished-at="2019-08-25T22:42:36Z" duration-ms="4457" status="PASS">
          <reporter-output>
          </reporter-output>
        </test-method> <!-- testWebdriver -->
        <test-method is-config="true" signature="closeBrowser()[pri:0, instance:cse434.selenium3.test.chromedriver.Test_NG@1e178745]" started-at="2019-08-25T22:42:36Z" name="closeBrowser" finished-at="2019-08-25T22:42:39Z" duration-ms="3097" status="PASS">
          <reporter-output>
          </reporter-output>
        </test-method> <!-- closeBrowser -->
      </class> <!-- cse434.selenium3.test.chromedriver.Test_NG -->
    </test> <!-- Default test -->
  </suite> <!-- Default suite -->
</testng-results>
